#
# There is insufficient memory for the Java Runtime Environment to continue.
# Native memory allocation (mmap) failed to map 260046848 bytes for G1 virtual space
# Possible reasons:
#   The system is out of physical RAM or swap space
#   The process is running with CompressedOops enabled, and the Java Heap may be blocking the growth of the native heap
# Possible solutions:
#   Reduce memory load on the system
#   Increase physical memory or swap space
#   Check if swap backing store is full
#   Decrease Java heap size (-Xmx/-Xms)
#   Decrease number of Java threads
#   Decrease Java thread stack sizes (-Xss)
#   Set larger code cache with -XX:ReservedCodeCacheSize=
#   JVM is running with Zero Based Compressed Oops mode in which the Java heap is
#     placed in the first 32GB address space. The Java Heap base address is the
#     maximum limit for the native heap growth. Please use -XX:HeapBaseMinAddress
#     to set the Java Heap base and to place the Java Heap above 32GB virtual address.
# This output file may be truncated or incomplete.
#
#  Out of Memory Error (os_windows.cpp:3466), pid=23548, tid=4708
#
# JRE version:  (16.0.2+7) (build )
# Java VM: OpenJDK 64-Bit Server VM (16.0.2+7-67, mixed mode, sharing, tiered, compressed oops, compressed class ptrs, g1 gc, windows-amd64)
# No core dump will be written. Minidumps are not enabled by default on client versions of Windows
#

---------------  S U M M A R Y ------------

Command Line: -Dfile.encoding=UTF-8 -XX:+ShowCodeDetailsInExceptionMessages UI.ChucNangC

Host: AMD Ryzen 7 5800H with Radeon Graphics         , 16 cores, 15G,  Windows 10 , 64 bit Build 22621 (10.0.22621.755)
Time: Sat Nov 26 03:35:15 2022 SE Asia Standard Time elapsed time: 0.008963 seconds (0d 0h 0m 0s)

---------------  T H R E A D  ---------------

Current thread (0x000002018a89ca90):  JavaThread "Unknown thread" [_thread_in_vm, id=4708, stack(0x000000b41f500000,0x000000b41f600000)]

Stack: [0x000000b41f500000,0x000000b41f600000]
Native frames: (J=compiled Java code, j=interpreted, Vv=VM code, C=native code)
V  [jvm.dll+0x6681ca]
V  [jvm.dll+0x7c9e69]
V  [jvm.dll+0x7cb61e]
V  [jvm.dll+0x7cbc73]
V  [jvm.dll+0x242c55]
V  [jvm.dll+0x664f89]
V  [jvm.dll+0x659b75]
V  [jvm.dll+0x2fbfbb]
V  [jvm.dll+0x3031b6]
V  [jvm.dll+0x35299e]
V  [jvm.dll+0x352bcf]
V  [jvm.dll+0x2d3028]
V  [jvm.dll+0x2d4264]
V  [jvm.dll+0x79c741]
V  [jvm.dll+0x360791]
V  [jvm.dll+0x77a3f0]
V  [jvm.dll+0x3e4e8f]
V  [jvm.dll+0x3e6961]
C  [jli.dll+0x52fb]
C  [ucrtbase.dll+0x29363]
C  [KERNEL32.DLL+0x1244d]
C  [ntdll.dll+0x5dfb8]


---------------  P R O C E S S  ---------------

Threads class SMR info:
_java_thread_list=0x00007ffffe87cbb8, length=0, elements={
}

Java Threads: ( => current thread )

Other Threads:
  0x000002018a8ee9d0 GCTaskThread "GC Thread#0" [stack: 0x000000b41f600000,0x000000b41f700000] [id=15080]
  0x000002018a8ff990 ConcurrentGCThread "G1 Main Marker" [stack: 0x000000b41f700000,0x000000b41f800000] [id=16144]
  0x000002018a900380 ConcurrentGCThread "G1 Conc#0" [stack: 0x000000b41f800000,0x000000b41f900000] [id=23932]

[error occurred during error reporting (printing all threads), id 0xc0000005, EXCEPTION_ACCESS_VIOLATION (0xc0000005) at pc=0x00007ffffe053ee7]

VM state: not at safepoint (not fully initialized)

VM Mutex/Monitor currently owned by a thread:  ([mutex/lock_event])
[0x000002018a899b50] Heap_lock - owner thread: 0x000002018a89ca90

Heap address: 0x0000000709800000, size: 3944 MB, Compressed Oops mode: Zero based, Oop shift amount: 3

CDS archive(s) mapped at: [0x0000000000000000-0x0000000000000000-0x0000000000000000), size 0, SharedBaseAddress: 0x0000000800000000, ArchiveRelocationMode: 0.
Narrow klass base: 0x0000000000000000, Narrow klass shift: 0, Narrow klass range: 0x0

GC Precious Log:
<Empty>

Heap:
 garbage-first heap   total 0K, used 0K [0x0000000709800000, 0x0000000800000000)
  region size 2048K, 0 young (0K), 0 survivors (0K)

[error occurred during error reporting (printing heap information), id 0xc0000005, EXCEPTION_ACCESS_VIOLATION (0xc0000005) at pc=0x00007ffffe431eed]

GC Heap History (0 events):
No events

Deoptimization events (0 events):
No events

Classes unloaded (0 events):
No events

Classes redefined (0 events):
No events

Internal exceptions (0 events):
No events

Events (1 events):
Event: 0.006 Loaded shared library C:\Users\dinh phong\Desktop\eclipse\plugins\org.eclipse.justj.openjdk.hotspot.jre.full.win32.x86_64_16.0.2.v20210721-1149\jre\bin\java.dll


Dynamic libraries:
0x00007ff647650000 - 0x00007ff64765e000 	C:\Users\dinh phong\Desktop\eclipse\plugins\org.eclipse.justj.openjdk.hotspot.jre.full.win32.x86_64_16.0.2.v20210721-1149\jre\bin\javaw.exe
0x00007ff86ec30000 - 0x00007ff86ee44000 	C:\WINDOWS\SYSTEM32\ntdll.dll
0x00007ff86e8d0000 - 0x00007ff86e992000 	C:\WINDOWS\System32\KERNEL32.DLL
0x00007ff86c690000 - 0x00007ff86ca2d000 	C:\WINDOWS\System32\KERNELBASE.dll
0x00007ff86c1a0000 - 0x00007ff86c2b1000 	C:\WINDOWS\System32\ucrtbase.dll
0x00007ff860cf0000 - 0x00007ff860d08000 	C:\Users\dinh phong\Desktop\eclipse\plugins\org.eclipse.justj.openjdk.hotspot.jre.full.win32.x86_64_16.0.2.v20210721-1149\jre\bin\jli.dll
0x00007ff859790000 - 0x00007ff8597a9000 	C:\Users\dinh phong\Desktop\eclipse\plugins\org.eclipse.justj.openjdk.hotspot.jre.full.win32.x86_64_16.0.2.v20210721-1149\jre\bin\VCRUNTIME140.dll
0x00007ff86cb50000 - 0x00007ff86ccfa000 	C:\WINDOWS\System32\USER32.dll
0x00007ff857f20000 - 0x00007ff8581ae000 	C:\WINDOWS\WinSxS\amd64_microsoft.windows.common-controls_6595b64144ccf1df_6.0.22621.608_none_a9444ca7c10bb01d\COMCTL32.dll
0x00007ff86c540000 - 0x00007ff86c566000 	C:\WINDOWS\System32\win32u.dll
0x00007ff86e6d0000 - 0x00007ff86e777000 	C:\WINDOWS\System32\msvcrt.dll
0x00007ff86d5b0000 - 0x00007ff86d5d9000 	C:\WINDOWS\System32\GDI32.dll
0x00007ff86c570000 - 0x00007ff86c682000 	C:\WINDOWS\System32\gdi32full.dll
0x00007ff86c430000 - 0x00007ff86c4ca000 	C:\WINDOWS\System32\msvcp_win.dll
0x00007ff86deb0000 - 0x00007ff86dee2000 	C:\WINDOWS\System32\IMM32.DLL
0x00007ff8654a0000 - 0x00007ff8654ac000 	C:\Users\dinh phong\Desktop\eclipse\plugins\org.eclipse.justj.openjdk.hotspot.jre.full.win32.x86_64_16.0.2.v20210721-1149\jre\bin\vcruntime140_1.dll
0x00007ff84fff0000 - 0x00007ff850081000 	C:\Users\dinh phong\Desktop\eclipse\plugins\org.eclipse.justj.openjdk.hotspot.jre.full.win32.x86_64_16.0.2.v20210721-1149\jre\bin\msvcp140.dll
0x00007ffffdd70000 - 0x00007ffffe91b000 	C:\Users\dinh phong\Desktop\eclipse\plugins\org.eclipse.justj.openjdk.hotspot.jre.full.win32.x86_64_16.0.2.v20210721-1149\jre\bin\server\jvm.dll
0x00007ff86ce00000 - 0x00007ff86ceae000 	C:\WINDOWS\System32\ADVAPI32.dll
0x00007ff86db60000 - 0x00007ff86dc04000 	C:\WINDOWS\System32\sechost.dll
0x00007ff86e7b0000 - 0x00007ff86e8c5000 	C:\WINDOWS\System32\RPCRT4.dll
0x00007ff86e780000 - 0x00007ff86e788000 	C:\WINDOWS\System32\PSAPI.DLL
0x00007ff853550000 - 0x00007ff853559000 	C:\WINDOWS\SYSTEM32\WSOCK32.dll
0x00007ff865810000 - 0x00007ff865844000 	C:\WINDOWS\SYSTEM32\WINMM.dll
0x00007ff86d450000 - 0x00007ff86d4c1000 	C:\WINDOWS\System32\WS2_32.dll
0x00007ff865e90000 - 0x00007ff865e9a000 	C:\WINDOWS\SYSTEM32\VERSION.dll
0x00007ff86b0d0000 - 0x00007ff86b0e8000 	C:\WINDOWS\SYSTEM32\kernel.appcore.dll
0x00007ff8693c0000 - 0x00007ff8693ca000 	C:\Users\dinh phong\Desktop\eclipse\plugins\org.eclipse.justj.openjdk.hotspot.jre.full.win32.x86_64_16.0.2.v20210721-1149\jre\bin\jimage.dll
0x00007ff863e50000 - 0x00007ff86407e000 	C:\WINDOWS\SYSTEM32\DBGHELP.DLL
0x00007ff86d0c0000 - 0x00007ff86d44a000 	C:\WINDOWS\System32\combase.dll
0x00007ff86dc10000 - 0x00007ff86dce7000 	C:\WINDOWS\System32\OLEAUT32.dll
0x00007ff863e10000 - 0x00007ff863e42000 	C:\WINDOWS\SYSTEM32\dbgcore.DLL
0x00007ff86c120000 - 0x00007ff86c19b000 	C:\WINDOWS\System32\bcryptPrimitives.dll
0x00007ff866760000 - 0x00007ff866785000 	C:\Users\dinh phong\Desktop\eclipse\plugins\org.eclipse.justj.openjdk.hotspot.jre.full.win32.x86_64_16.0.2.v20210721-1149\jre\bin\java.dll

dbghelp: loaded successfully - version: 4.0.5 - missing functions: none
symbol engine: initialized successfully - sym options: 0x614 - pdb path: .;C:\Users\dinh phong\Desktop\eclipse\plugins\org.eclipse.justj.openjdk.hotspot.jre.full.win32.x86_64_16.0.2.v20210721-1149\jre\bin;C:\WINDOWS\SYSTEM32;C:\WINDOWS\WinSxS\amd64_microsoft.windows.common-controls_6595b64144ccf1df_6.0.22621.608_none_a9444ca7c10bb01d;C:\Users\dinh phong\Desktop\eclipse\plugins\org.eclipse.justj.openjdk.hotspot.jre.full.win32.x86_64_16.0.2.v20210721-1149\jre\bin\server

VM Arguments:
jvm_args: -Dfile.encoding=UTF-8 -XX:+ShowCodeDetailsInExceptionMessages 
java_command: UI.ChucNangC
java_class_path (initial): C:\Users\dinh phong\Desktop\HOC\phat trien ung dung\do an\demo2\PTUD_N3_DeTai2_QuanLyNhaSach2\PTUD_N3_DeTai2_QuanLyNhaSach2\bin;C:\Users\dinh phong\Desktop\HOC\phat trien ung dung\do an\demo2\PTUD_N3_DeTai2_QuanLyNhaSach2\PTUD_N3_DeTai2_QuanLyNhaSach2\libs\commons-codec-1.15.jar;C:\Users\dinh phong\Desktop\HOC\phat trien ung dung\do an\demo2\PTUD_N3_DeTai2_QuanLyNhaSach2\PTUD_N3_DeTai2_QuanLyNhaSach2\libs\commons-collections4-4.4.jar;C:\Users\dinh phong\Desktop\HOC\phat trien ung dung\do an\demo2\PTUD_N3_DeTai2_QuanLyNhaSach2\PTUD_N3_DeTai2_QuanLyNhaSach2\libs\commons-compress-1.21.jar;C:\Users\dinh phong\Desktop\HOC\phat trien ung dung\do an\demo2\PTUD_N3_DeTai2_QuanLyNhaSach2\PTUD_N3_DeTai2_QuanLyNhaSach2\libs\commons-io-2.11.0.jar;C:\Users\dinh phong\Desktop\HOC\phat trien ung dung\do an\demo2\PTUD_N3_DeTai2_QuanLyNhaSach2\PTUD_N3_DeTai2_QuanLyNhaSach2\libs\commons-math3-3.6.1.jar;C:\Users\dinh phong\Desktop\HOC\phat trien ung dung\do an\demo2\PTUD_N3_DeTai2_QuanLyNhaSach2\PTUD_N3_DeTai2_QuanLyNhaSach2\libs\javax.activation-1.2.0.jar;C:\Users\dinh phong\Desktop\HOC\phat trien ung dung\do an\demo2\PTUD_N3_DeTai2_QuanLyNhaSach2\PTUD_N3_DeTai2_QuanLyNhaSach2\libs\javax.mail.jar;C:\Users\dinh phong\Desktop\HOC\phat trien ung dung\do an\demo2\PTUD_N3_DeTai2_QuanLyNhaSach2\PTUD_N3_DeTai2_QuanLyNhaSach2\libs\jcalendar-1.4.jar;C:\Users\dinh phong\Desktop\HOC\phat trien ung dung\do an\demo2\PTUD_N3_DeTai2_QuanLyNhaSach2\PTUD_N3_DeTai2_QuanLyNhaSach2\libs\jdatepicker-1.3.4.jar;C:\Users\dinh phong\Desktop\HOC\phat trien ung dung\do an\demo2\PTUD_N3_DeTai2_QuanLyNhaSach2\PTUD_N3_DeTai2_QuanLyNhaSach2\libs\log4j-api-2.14.1.jar;C:\Users\dinh phong\Desktop\HOC\phat trien ung dung\do an\demo2\PTUD_N3_DeTai2_QuanLyNhaSach2\PTUD_N3_DeTai2_QuanLyNhaSach2\libs\poi-5.1.0.jar;C:\Users\dinh phong\Desktop\HOC\phat trien ung dung\do an\demo2\PTUD_N3_DeTai2_QuanLyNhaSach2\PTUD_N3_DeTai2_QuanLyNhaSach2\libs\poi-ooxml-5.1.0.jar;C:\Users\dinh phong\Desktop\HOC\ph
Launcher Type: SUN_STANDARD

[Global flags]
     intx CICompilerCount                          = 12                                        {product} {ergonomic}
     uint ConcGCThreads                            = 3                                         {product} {ergonomic}
     uint G1ConcRefinementThreads                  = 13                                        {product} {ergonomic}
   size_t G1HeapRegionSize                         = 2097152                                   {product} {ergonomic}
    uintx GCDrainStackTargetSize                   = 64                                        {product} {ergonomic}
   size_t InitialHeapSize                          = 260046848                                 {product} {ergonomic}
   size_t MarkStackSize                            = 4194304                                   {product} {ergonomic}
   size_t MaxHeapSize                              = 4135583744                                {product} {ergonomic}
   size_t MinHeapDeltaBytes                        = 2097152                                   {product} {ergonomic}
   size_t MinHeapSize                              = 8388608                                   {product} {ergonomic}
    uintx NonNMethodCodeHeapSize                   = 7602480                                {pd product} {ergonomic}
    uintx NonProfiledCodeHeapSize                  = 122027880                              {pd product} {ergonomic}
    uintx ProfiledCodeHeapSize                     = 122027880                              {pd product} {ergonomic}
    uintx ReservedCodeCacheSize                    = 251658240                              {pd product} {ergonomic}
     bool SegmentedCodeCache                       = true                                      {product} {ergonomic}
     bool ShowCodeDetailsInExceptionMessages       = true                                   {manageable} {command line}
   size_t SoftMaxHeapSize                          = 4135583744                             {manageable} {ergonomic}
     bool UseCompressedClassPointers               = true                           {product lp64_product} {ergonomic}
     bool UseCompressedOops                        = true                           {product lp64_product} {ergonomic}
     bool UseG1GC                                  = true                                      {product} {ergonomic}
     bool UseLargePagesIndividualAllocation        = false                                  {pd product} {ergonomic}

Logging:
Log output configuration:
 #0: stdout all=warning uptime,level,tags
 #1: stderr all=off uptime,level,tags

Environment Variables:
PATH=c:/users/dinh phong/desktop/eclipse//plugins/org.eclipse.justj.openjdk.hotspot.jre.full.win32.x86_64_16.0.2.v20210721-1149/jre/bin/server;c:/users/dinh phong/desktop/eclipse//plugins/org.eclipse.justj.openjdk.hotspot.jre.full.win32.x86_64_16.0.2.v20210721-1149/jre/bin;C:\Program Files\Common Files\Oracle\Java\javapath;C:\Program Files (x86)\Common Files\Oracle\Java\javapath;C:\Windows\system32;C:\Windows;C:\Windows\System32\Wbem;C:\Windows\System32\WindowsPowerShell\v1.0\;C:\Windows\System32\OpenSSH\;C:\Program Files (x86)\NVIDIA Corporation\PhysX\Common;C:\Program Files\NVIDIA Corporation\NVIDIA NvDLISR;C:\Program Files\dotnet\;C:\Program Files (x86)\Microsoft SQL Server\150\DTS\Binn\;C:\Program Files\Microsoft SQL Server\Client SDK\ODBC\170\Tools\Binn\;C:\Program Files (x86)\Microsoft SQL Server\150\Tools\Binn\;C:\Program Files\Microsoft SQL Server\150\Tools\Binn\;C:\Program Files\Microsoft SQL Server\150\DTS\Binn\;C:\Users\dinh phong\AppData\Local\Programs\Python\Python310\Scripts;C:\Users\dinh phong\AppData\Local\Programs\Python\Python310;C:\WINDOWS\system32;C:\WINDOWS;C:\WINDOWS\System32\Wbem;C:\WINDOWS\System32\WindowsPowerShell\v1.0\;C:\WINDOWS\System32\OpenSSH\;C:\Users\dinh phong\AppData\Local\Microsoft\WindowsApps;C:\Users\dinh phong\AppData\Local\Programs\Microsoft VS Code\bin;C:\Program Files\JetBrains\DataSpell 2022.2.1\bin;C:\Users\dinh phong\AppData\Local\Programs\mongosh\;C:\Program Files\Azure Data Studio\bin;D:\setup\pycharm\PyCharm 2022.2.3\bin;C:\Program Files\heroku\bin;C:\Users\dinh phong\Desktop\eclipse;
USERNAME=dinh phong
OS=Windows_NT
PROCESSOR_IDENTIFIER=AMD64 Family 25 Model 80 Stepping 0, AuthenticAMD



---------------  S Y S T E M  ---------------

OS:
 Windows 10 , 64 bit Build 22621 (10.0.22621.755)
OS uptime: 1 days 2:58 hours

CPU: total 16 (initial active 16) (16 cores per cpu, 2 threads per core) family 25 model 80 stepping 0 microcode 0x0, cx8, cmov, fxsr, ht, mmx, 3dnowpref, sse, sse2, sse3, ssse3, sse4a, sse4.1, sse4.2, popcnt, lzcnt, tsc, tscinvbit, avx, avx2, aes, erms, clmul, bmi1, bmi2, adx, sha, fma, vzeroupper, clflush, clflushopt

Memory: 4k page, system-wide physical 15773M (5296M free)
TotalPageFile size 23965M (AvailPageFile size 22M)
current process WorkingSet (physical memory assigned to process): 11M, peak: 11M
current process commit charge ("private bytes"): 70M, peak: 318M

vm_info: OpenJDK 64-Bit Server VM (16.0.2+7-67) for windows-amd64 JRE (16.0.2+7-67), built on Jun  8 2021 23:21:43 by "mach5one" with MS VC++ 16.7 (VS2019)

END.
